Arguments: 
  /usr/local/Cellar/node@12/12.22.1_1/bin/node /usr/local/bin/yarn build

PATH: 
  /usr/local/opt/node@12/bin:/usr/local/bin:/usr/bin:/bin:/usr/sbin:/sbin:/usr/local/opt/node@12/bin

Yarn version: 
  1.22.10

Node version: 
  12.22.1

Platform: 
  darwin x64

Trace: 
  SyntaxError: /Users/admin/Documents/private/viki-npm/package.json: Unexpected token } in JSON at position 208
      at JSON.parse (<anonymous>)
      at /usr/local/lib/node_modules/yarn/lib/cli.js:1625:59
      at Generator.next (<anonymous>)
      at step (/usr/local/lib/node_modules/yarn/lib/cli.js:310:30)
      at /usr/local/lib/node_modules/yarn/lib/cli.js:321:13

npm manifest: 
  {
    "name": "viki-npm",
    "version": "2.0.0",
    "description": "test",
    "main": "index.js",
    "scripts": {
      "test": "echo \"Error: no test specified\" && exit 1",
      "build": "rollup -c -o bundle.js",
    },
    "keywords": [
      "viki"
    ],
    "author": "viki",
    "license": "ISC",
    "dependencies": {
      "rollup": "^2.70.1"
    },
    "devDependencies": {
      "rollup-plugin-json": "^4.0.0",
      "rollup-plugin-typescript": "^1.0.1",
      "tslib": "^2.3.1",
      "typedoc": "^0.22.13",
      "typescript": "^4.6.2"
    }
  }

yarn manifest: 
  No manifest

Lockfile: 
  # THIS IS AN AUTOGENERATED FILE. DO NOT EDIT THIS FILE DIRECTLY.
  # yarn lockfile v1
  
  
  fsevents@~2.3.2:
    version "2.3.2"
    resolved "https://registry.yarnpkg.com/fsevents/-/fsevents-2.3.2.tgz#8a526f78b8fdf4623b709e0b975c52c24c02fd1a"
    integrity sha512-xiqMQR4xAeHTuB9uWm+fFRcIOgKBMiOBP+eXiyT7jsgVCq1bkVygt00oASowB7EdtpOHaaPgKt812P9ab+DDKA==
  
  rollup@^2.70.1:
    version "2.70.1"
    resolved "https://registry.yarnpkg.com/rollup/-/rollup-2.70.1.tgz#824b1f1f879ea396db30b0fc3ae8d2fead93523e"
    integrity sha512-CRYsI5EuzLbXdxC6RnYhOuRdtz4bhejPMSWjsFLfVM/7w/85n2szZv6yExqUXsBdz5KT8eoubeyDUDjhLHEslA==
    optionalDependencies:
      fsevents "~2.3.2"
